<?xml version="1.0" encoding="UTF-8"?>
<testng-results ignored="0" total="11" passed="11" failed="0" skipped="0">
  <reporter-output>
  </reporter-output>
  <suite started-at="2025-09-06T15:22:56 IST" name="SauceDemo Automation Suite" finished-at="2025-09-06T15:25:08 IST" duration-ms="132367">
    <groups>
      <group name="cucumber">
        <method signature="AbstractTestNGCucumberTests.runScenario(io.cucumber.testng.PickleWrapper,io.cucumber.testng.FeatureWrapper)[pri:0, instance:runners.TestRunner@1040be71]" name="runScenario" class="io.cucumber.testng.AbstractTestNGCucumberTests"/>
      </group> <!-- cucumber -->
    </groups>
    <test started-at="2025-09-06T15:22:56 IST" name="Cucumber Tests" finished-at="2025-09-06T15:25:08 IST" duration-ms="132367">
      <class name="runners.TestRunner">
        <test-method is-config="true" signature="setUpClass(org.testng.ITestContext)[pri:0, instance:runners.TestRunner@1040be71]" started-at="2025-09-06T15:22:56 IST" name="setUpClass" finished-at="2025-09-06T15:22:56 IST" duration-ms="517" status="PASS">
          <params>
            <param index="0">
              <value>
                <![CDATA[org.testng.TestRunner@538e74fc]]>
              </value>
            </param>
          </params>
          <reporter-output>
          </reporter-output>
        </test-method> <!-- setUpClass -->
        <test-method signature="runScenario(io.cucumber.testng.PickleWrapper,io.cucumber.testng.FeatureWrapper)[pri:0, instance:runners.TestRunner@1040be71]" started-at="2025-09-06T15:22:56 IST" name="runScenario" description="Runs Cucumber Scenarios" data-provider="scenarios" finished-at="2025-09-06T15:23:05 IST" duration-ms="8946" status="PASS">
          <params>
            <param index="0">
              <value>
                <![CDATA["Add two items and verify cart badge"]]>
              </value>
            </param>
            <param index="1">
              <value>
                <![CDATA["Cart and Checkout flows"]]>
              </value>
            </param>
          </params>
          <reporter-output>
          </reporter-output>
        </test-method> <!-- runScenario -->
        <test-method signature="runScenario(io.cucumber.testng.PickleWrapper,io.cucumber.testng.FeatureWrapper)[pri:0, instance:runners.TestRunner@1040be71]" started-at="2025-09-06T15:23:05 IST" name="runScenario" description="Runs Cucumber Scenarios" data-provider="scenarios" finished-at="2025-09-06T15:23:22 IST" duration-ms="16290" status="PASS">
          <params>
            <param index="0">
              <value>
                <![CDATA["Checkout completes successfully"]]>
              </value>
            </param>
            <param index="1">
              <value>
                <![CDATA["Cart and Checkout flows"]]>
              </value>
            </param>
          </params>
          <reporter-output>
          </reporter-output>
        </test-method> <!-- runScenario -->
        <test-method signature="runScenario(io.cucumber.testng.PickleWrapper,io.cucumber.testng.FeatureWrapper)[pri:0, instance:runners.TestRunner@1040be71]" started-at="2025-09-06T15:23:22 IST" name="runScenario" description="Runs Cucumber Scenarios" data-provider="scenarios" finished-at="2025-09-06T15:23:32 IST" duration-ms="10434" status="PASS">
          <params>
            <param index="0">
              <value>
                <![CDATA["Remove item from products page updates cart badge"]]>
              </value>
            </param>
            <param index="1">
              <value>
                <![CDATA["Cart and Checkout flows"]]>
              </value>
            </param>
          </params>
          <reporter-output>
          </reporter-output>
        </test-method> <!-- runScenario -->
        <test-method signature="runScenario(io.cucumber.testng.PickleWrapper,io.cucumber.testng.FeatureWrapper)[pri:0, instance:runners.TestRunner@1040be71]" started-at="2025-09-06T15:23:32 IST" name="runScenario" description="Runs Cucumber Scenarios" data-provider="scenarios" finished-at="2025-09-06T15:23:42 IST" duration-ms="9775" status="PASS">
          <params>
            <param index="0">
              <value>
                <![CDATA["Successful login with standard user"]]>
              </value>
            </param>
            <param index="1">
              <value>
                <![CDATA["Login functionality"]]>
              </value>
            </param>
          </params>
          <reporter-output>
          </reporter-output>
        </test-method> <!-- runScenario -->
        <test-method signature="runScenario(io.cucumber.testng.PickleWrapper,io.cucumber.testng.FeatureWrapper)[pri:0, instance:runners.TestRunner@1040be71]" started-at="2025-09-06T15:23:42 IST" name="runScenario" description="Runs Cucumber Scenarios" data-provider="scenarios" finished-at="2025-09-06T15:23:56 IST" duration-ms="14057" status="PASS">
          <params>
            <param index="0">
              <value>
                <![CDATA["Locked out user should see error"]]>
              </value>
            </param>
            <param index="1">
              <value>
                <![CDATA["Login functionality"]]>
              </value>
            </param>
          </params>
          <reporter-output>
          </reporter-output>
        </test-method> <!-- runScenario -->
        <test-method signature="runScenario(io.cucumber.testng.PickleWrapper,io.cucumber.testng.FeatureWrapper)[pri:0, instance:runners.TestRunner@1040be71]" started-at="2025-09-06T15:23:56 IST" name="runScenario" description="Runs Cucumber Scenarios" data-provider="scenarios" finished-at="2025-09-06T15:24:09 IST" duration-ms="13250" status="PASS">
          <params>
            <param index="0">
              <value>
                <![CDATA["Wrong password shows error"]]>
              </value>
            </param>
            <param index="1">
              <value>
                <![CDATA["Login functionality"]]>
              </value>
            </param>
          </params>
          <reporter-output>
          </reporter-output>
        </test-method> <!-- runScenario -->
        <test-method signature="runScenario(io.cucumber.testng.PickleWrapper,io.cucumber.testng.FeatureWrapper)[pri:0, instance:runners.TestRunner@1040be71]" started-at="2025-09-06T15:24:09 IST" name="runScenario" description="Runs Cucumber Scenarios" data-provider="scenarios" finished-at="2025-09-06T15:24:19 IST" duration-ms="9829" status="PASS">
          <params>
            <param index="0">
              <value>
                <![CDATA["Empty username and password shows error"]]>
              </value>
            </param>
            <param index="1">
              <value>
                <![CDATA["Negative and edge cases"]]>
              </value>
            </param>
          </params>
          <reporter-output>
          </reporter-output>
        </test-method> <!-- runScenario -->
        <test-method signature="runScenario(io.cucumber.testng.PickleWrapper,io.cucumber.testng.FeatureWrapper)[pri:0, instance:runners.TestRunner@1040be71]" started-at="2025-09-06T15:24:19 IST" name="runScenario" description="Runs Cucumber Scenarios" data-provider="scenarios" finished-at="2025-09-06T15:24:35 IST" duration-ms="15682" status="PASS">
          <params>
            <param index="0">
              <value>
                <![CDATA["Problem user can login but UI may be broken"]]>
              </value>
            </param>
            <param index="1">
              <value>
                <![CDATA["Negative and edge cases"]]>
              </value>
            </param>
          </params>
          <reporter-output>
          </reporter-output>
        </test-method> <!-- runScenario -->
        <test-method signature="runScenario(io.cucumber.testng.PickleWrapper,io.cucumber.testng.FeatureWrapper)[pri:0, instance:runners.TestRunner@1040be71]" started-at="2025-09-06T15:24:35 IST" name="runScenario" description="Runs Cucumber Scenarios" data-provider="scenarios" finished-at="2025-09-06T15:24:49 IST" duration-ms="14307" status="PASS">
          <params>
            <param index="0">
              <value>
                <![CDATA["Products listing has multiple items"]]>
              </value>
            </param>
            <param index="1">
              <value>
                <![CDATA["Products listing, sorting and names"]]>
              </value>
            </param>
          </params>
          <reporter-output>
          </reporter-output>
        </test-method> <!-- runScenario -->
        <test-method signature="runScenario(io.cucumber.testng.PickleWrapper,io.cucumber.testng.FeatureWrapper)[pri:0, instance:runners.TestRunner@1040be71]" started-at="2025-09-06T15:24:49 IST" name="runScenario" description="Runs Cucumber Scenarios" data-provider="scenarios" finished-at="2025-09-06T15:25:00 IST" duration-ms="11351" status="PASS">
          <params>
            <param index="0">
              <value>
                <![CDATA["Sort products by Price (low to high)"]]>
              </value>
            </param>
            <param index="1">
              <value>
                <![CDATA["Products listing, sorting and names"]]>
              </value>
            </param>
          </params>
          <reporter-output>
          </reporter-output>
        </test-method> <!-- runScenario -->
        <test-method signature="runScenario(io.cucumber.testng.PickleWrapper,io.cucumber.testng.FeatureWrapper)[pri:0, instance:runners.TestRunner@1040be71]" started-at="2025-09-06T15:25:00 IST" name="runScenario" description="Runs Cucumber Scenarios" data-provider="scenarios" finished-at="2025-09-06T15:25:08 IST" duration-ms="7855" status="PASS">
          <params>
            <param index="0">
              <value>
                <![CDATA["Sort products by Name (A to Z)"]]>
              </value>
            </param>
            <param index="1">
              <value>
                <![CDATA["Products listing, sorting and names"]]>
              </value>
            </param>
          </params>
          <reporter-output>
          </reporter-output>
        </test-method> <!-- runScenario -->
        <test-method is-config="true" signature="tearDownClass()[pri:0, instance:runners.TestRunner@1040be71]" started-at="2025-09-06T15:25:08 IST" name="tearDownClass" finished-at="2025-09-06T15:25:08 IST" duration-ms="11" status="PASS">
          <reporter-output>
          </reporter-output>
        </test-method> <!-- tearDownClass -->
      </class> <!-- runners.TestRunner -->
    </test> <!-- Cucumber Tests -->
  </suite> <!-- SauceDemo Automation Suite -->
</testng-results>
