<?xml version="1.0" encoding="UTF-8"?>
<testng-results ignored="0" total="1" passed="1" failed="0" skipped="0">
  <reporter-output>
  </reporter-output>
  <suite started-at="2025-08-30T17:40:11 IST" name="Suite" finished-at="2025-08-30T17:40:21 IST" duration-ms="10595">
    <groups>
    </groups>
    <test started-at="2025-08-30T17:40:11 IST" name="Test" finished-at="2025-08-30T17:40:21 IST" duration-ms="10595">
      <class name="tests.LoginTest">
        <test-method signature="login()[pri:0, instance:tests.LoginTest@72057ecf]" started-at="2025-08-30T17:40:11 IST" name="login" finished-at="2025-08-30T17:40:21 IST" duration-ms="10546" status="PASS">
          <reporter-output>
          </reporter-output>
        </test-method> <!-- login -->
      </class> <!-- tests.LoginTest -->
    </test> <!-- Test -->
  </suite> <!-- Suite -->
</testng-results>
