<?xml version="1.0" encoding="UTF-8"?>
<testsuite xmlns:xsi="http://www.w3.org/2001/XMLSchema-instance" xsi:noNamespaceSchemaLocation="https://maven.apache.org/surefire/maven-surefire-plugin/xsd/surefire-test-report-3.0.xsd" version="3.0" name="TestSuite" time="87.005" tests="11" errors="0" skipped="0" failures="0">
  <properties>
[...]
</properties>
  <testcase name="runScenario[&quot;Add two items and verify cart badge&quot;, &quot;Cart and Checkout flows&quot;](1)" classname="runners.TestRunner" time="10.303">
    <system-out><![CDATA[
Scenario: Add two items and verify cart badge                              # file:///D:/Wipro/Training/CapstoneProject/capstoneproject/src/test/resources/features/cart_and_checkout.feature:3
  ✔ Given I open the saucedemo site                                        # stepdefinitions.Steps.i_open_the_saucedemo_site()
  ✔ When I login with username "standard_user" and password "secret_sauce" # stepdefinitions.Steps.i_login_with_username_and_password(java.lang.String,java.lang.String)
  ✔ And I add 2 items to cart                                              # stepdefinitions.Steps.i_add_items_to_cart(java.lang.Integer)
  ✔ Then cart count should be 2                                            # stepdefinitions.Steps.cart_count_should_be(java.lang.Integer)
]]></system-out>
    <system-err><![CDATA[SLF4J(W): No SLF4J providers were found.
SLF4J(W): Defaulting to no-operation (NOP) logger implementation
SLF4J(W): See https://www.slf4j.org/codes.html#noProviders for further details.
Sep 06, 2025 12:22:49 PM org.openqa.selenium.devtools.CdpVersionFinder findNearestMatch
WARNING: Unable to find CDP implementation matching 139
Sep 06, 2025 12:22:49 PM org.openqa.selenium.chromium.ChromiumDriver lambda$new$5
WARNING: Unable to find version of CDP to use for 139.0.7258.155. You may need to include a dependency on a specific version of the CDP using something similar to `org.seleniumhq.selenium:selenium-devtools-v86:4.14.0` where the version ("v86") matches the version of the chromium-based browser you're using and the version number of the artifact is the same as Selenium's.
]]></system-err>
  </testcase>
  <testcase name="runScenario[&quot;Checkout completes successfully&quot;, &quot;Cart and Checkout flows&quot;](2)" classname="runners.TestRunner" time="10.738">
    <system-out><![CDATA[
Scenario: Checkout completes successfully                                  # file:///D:/Wipro/Training/CapstoneProject/capstoneproject/src/test/resources/features/cart_and_checkout.feature:9
  ✔ Given I open the saucedemo site                                        # stepdefinitions.Steps.i_open_the_saucedemo_site()
  ✔ When I login with username "standard_user" and password "secret_sauce" # stepdefinitions.Steps.i_login_with_username_and_password(java.lang.String,java.lang.String)
  ✔ And I add 1 items to cart                                              # stepdefinitions.Steps.i_add_items_to_cart(java.lang.Integer)
  ✔ And I open the cart                                                    # stepdefinitions.Steps.i_open_the_cart()
  ✔ And I click checkout                                                   # stepdefinitions.Steps.i_click_checkout()
  ✔ And I fill checkout info with "Kiran", "Kumar", "560001"               # stepdefinitions.Steps.i_fill_checkout_info_with(java.lang.String,java.lang.String,java.lang.String)
  ✔ And I finish checkout                                                  # stepdefinitions.Steps.i_finish_checkout()
  ✔ Then I should see order complete text "Thank you for your order!"      # stepdefinitions.Steps.i_should_see_order_complete_text(java.lang.String)
]]></system-out>
    <system-err><![CDATA[Sep 06, 2025 12:22:57 PM org.openqa.selenium.devtools.CdpVersionFinder findNearestMatch
WARNING: Unable to find CDP implementation matching 139
Sep 06, 2025 12:22:57 PM org.openqa.selenium.chromium.ChromiumDriver lambda$new$5
WARNING: Unable to find version of CDP to use for 139.0.7258.155. You may need to include a dependency on a specific version of the CDP using something similar to `org.seleniumhq.selenium:selenium-devtools-v86:4.14.0` where the version ("v86") matches the version of the chromium-based browser you're using and the version number of the artifact is the same as Selenium's.
]]></system-err>
  </testcase>
  <testcase name="runScenario[&quot;Remove item from products page updates cart badge&quot;, &quot;Cart and Checkout flows&quot;](3)" classname="runners.TestRunner" time="7.489">
    <system-out><![CDATA[
Scenario: Remove item from products page updates cart badge                # file:///D:/Wipro/Training/CapstoneProject/capstoneproject/src/test/resources/features/cart_and_checkout.feature:19
  ✔ Given I open the saucedemo site                                        # stepdefinitions.Steps.i_open_the_saucedemo_site()
  ✔ When I login with username "standard_user" and password "secret_sauce" # stepdefinitions.Steps.i_login_with_username_and_password(java.lang.String,java.lang.String)
  ✔ And I add 1 items to cart                                              # stepdefinitions.Steps.i_add_items_to_cart(java.lang.Integer)
  ✔ Then cart count should be 1                                            # stepdefinitions.Steps.cart_count_should_be(java.lang.Integer)
  ✔ When I remove 1 item from cart by index 0                              # stepdefinitions.Steps.i_remove_item_from_cart_by_index(java.lang.Integer,java.lang.Integer)
  ✔ Then cart count should be 0                                            # stepdefinitions.Steps.cart_count_should_be(java.lang.Integer)
]]></system-out>
    <system-err><![CDATA[Sep 06, 2025 12:23:08 PM org.openqa.selenium.devtools.CdpVersionFinder findNearestMatch
WARNING: Unable to find CDP implementation matching 139
Sep 06, 2025 12:23:08 PM org.openqa.selenium.chromium.ChromiumDriver lambda$new$5
WARNING: Unable to find version of CDP to use for 139.0.7258.155. You may need to include a dependency on a specific version of the CDP using something similar to `org.seleniumhq.selenium:selenium-devtools-v86:4.14.0` where the version ("v86") matches the version of the chromium-based browser you're using and the version number of the artifact is the same as Selenium's.
]]></system-err>
  </testcase>
  <testcase name="runScenario[&quot;Successful login with standard user&quot;, &quot;Login functionality&quot;](4)" classname="runners.TestRunner" time="6.758">
    <system-out><![CDATA[
Scenario: Successful login with standard user                              # file:///D:/Wipro/Training/CapstoneProject/capstoneproject/src/test/resources/features/login.feature:3
  ✔ Given I open the saucedemo site                                        # stepdefinitions.Steps.i_open_the_saucedemo_site()
  ✔ When I login with username "standard_user" and password "secret_sauce" # stepdefinitions.Steps.i_login_with_username_and_password(java.lang.String,java.lang.String)
  ✔ Then I should see products page with at least 1 items                  # stepdefinitions.Steps.i_should_see_products_page_with_at_least_items(java.lang.Integer)
]]></system-out>
    <system-err><![CDATA[Sep 06, 2025 12:23:15 PM org.openqa.selenium.devtools.CdpVersionFinder findNearestMatch
WARNING: Unable to find CDP implementation matching 139
Sep 06, 2025 12:23:15 PM org.openqa.selenium.chromium.ChromiumDriver lambda$new$5
WARNING: Unable to find version of CDP to use for 139.0.7258.155. You may need to include a dependency on a specific version of the CDP using something similar to `org.seleniumhq.selenium:selenium-devtools-v86:4.14.0` where the version ("v86") matches the version of the chromium-based browser you're using and the version number of the artifact is the same as Selenium's.
]]></system-err>
  </testcase>
  <testcase name="runScenario[&quot;Locked out user should see error&quot;, &quot;Login functionality&quot;](5)" classname="runners.TestRunner" time="6.988">
    <system-out><![CDATA[
Scenario: Locked out user should see error                                   # file:///D:/Wipro/Training/CapstoneProject/capstoneproject/src/test/resources/features/login.feature:8
  ✔ Given I open the saucedemo site                                          # stepdefinitions.Steps.i_open_the_saucedemo_site()
  ✔ When I login with username "locked_out_user" and password "secret_sauce" # stepdefinitions.Steps.i_login_with_username_and_password(java.lang.String,java.lang.String)
  ✔ Then I should see error containing "locked out"                          # stepdefinitions.Steps.i_should_see_error_containing(java.lang.String)
]]></system-out>
    <system-err><![CDATA[Sep 06, 2025 12:23:22 PM org.openqa.selenium.devtools.CdpVersionFinder findNearestMatch
WARNING: Unable to find CDP implementation matching 139
Sep 06, 2025 12:23:22 PM org.openqa.selenium.chromium.ChromiumDriver lambda$new$5
WARNING: Unable to find version of CDP to use for 139.0.7258.155. You may need to include a dependency on a specific version of the CDP using something similar to `org.seleniumhq.selenium:selenium-devtools-v86:4.14.0` where the version ("v86") matches the version of the chromium-based browser you're using and the version number of the artifact is the same as Selenium's.
]]></system-err>
  </testcase>
  <testcase name="runScenario[&quot;Wrong password shows error&quot;, &quot;Login functionality&quot;](6)" classname="runners.TestRunner" time="6.92">
    <system-out><![CDATA[
Scenario: Wrong password shows error                                        # file:///D:/Wipro/Training/CapstoneProject/capstoneproject/src/test/resources/features/login.feature:13
  ✔ Given I open the saucedemo site                                         # stepdefinitions.Steps.i_open_the_saucedemo_site()
  ✔ When I login with username "standard_user" and password "wrong"         # stepdefinitions.Steps.i_login_with_username_and_password(java.lang.String,java.lang.String)
  ✔ Then I should see error containing "Username and password do not match" # stepdefinitions.Steps.i_should_see_error_containing(java.lang.String)
]]></system-out>
    <system-err><![CDATA[Sep 06, 2025 12:23:29 PM org.openqa.selenium.devtools.CdpVersionFinder findNearestMatch
WARNING: Unable to find CDP implementation matching 139
Sep 06, 2025 12:23:29 PM org.openqa.selenium.chromium.ChromiumDriver lambda$new$5
WARNING: Unable to find version of CDP to use for 139.0.7258.155. You may need to include a dependency on a specific version of the CDP using something similar to `org.seleniumhq.selenium:selenium-devtools-v86:4.14.0` where the version ("v86") matches the version of the chromium-based browser you're using and the version number of the artifact is the same as Selenium's.
]]></system-err>
  </testcase>
  <testcase name="runScenario[&quot;Empty username and password shows error&quot;, &quot;Negative and edge cases&quot;](7)" classname="runners.TestRunner" time="6.551">
    <system-out><![CDATA[
Scenario: Empty username and password shows error             # file:///D:/Wipro/Training/CapstoneProject/capstoneproject/src/test/resources/features/negative.feature:3
  ✔ Given I open the saucedemo site                           # stepdefinitions.Steps.i_open_the_saucedemo_site()
  ✔ When I login with username "" and password ""             # stepdefinitions.Steps.i_login_with_username_and_password(java.lang.String,java.lang.String)
  ✔ Then I should see error containing "Username is required" # stepdefinitions.Steps.i_should_see_error_containing(java.lang.String)
]]></system-out>
    <system-err><![CDATA[Sep 06, 2025 12:23:35 PM org.openqa.selenium.devtools.CdpVersionFinder findNearestMatch
WARNING: Unable to find CDP implementation matching 139
Sep 06, 2025 12:23:35 PM org.openqa.selenium.chromium.ChromiumDriver lambda$new$5
WARNING: Unable to find version of CDP to use for 139.0.7258.155. You may need to include a dependency on a specific version of the CDP using something similar to `org.seleniumhq.selenium:selenium-devtools-v86:4.14.0` where the version ("v86") matches the version of the chromium-based browser you're using and the version number of the artifact is the same as Selenium's.
]]></system-err>
  </testcase>
  <testcase name="runScenario[&quot;Problem user can login but UI may be broken&quot;, &quot;Negative and edge cases&quot;](8)" classname="runners.TestRunner" time="7.261">
    <system-out><![CDATA[
Scenario: Problem user can login but UI may be broken                     # file:///D:/Wipro/Training/CapstoneProject/capstoneproject/src/test/resources/features/negative.feature:8
  ✔ Given I open the saucedemo site                                       # stepdefinitions.Steps.i_open_the_saucedemo_site()
  ✔ When I login with username "problem_user" and password "secret_sauce" # stepdefinitions.Steps.i_login_with_username_and_password(java.lang.String,java.lang.String)
  ✔ Then I should see products page with at least 1 items                 # stepdefinitions.Steps.i_should_see_products_page_with_at_least_items(java.lang.Integer)
]]></system-out>
    <system-err><![CDATA[Sep 06, 2025 12:23:43 PM org.openqa.selenium.devtools.CdpVersionFinder findNearestMatch
WARNING: Unable to find CDP implementation matching 139
Sep 06, 2025 12:23:43 PM org.openqa.selenium.chromium.ChromiumDriver lambda$new$5
WARNING: Unable to find version of CDP to use for 139.0.7258.155. You may need to include a dependency on a specific version of the CDP using something similar to `org.seleniumhq.selenium:selenium-devtools-v86:4.14.0` where the version ("v86") matches the version of the chromium-based browser you're using and the version number of the artifact is the same as Selenium's.
]]></system-err>
  </testcase>
  <testcase name="runScenario[&quot;Products listing has multiple items&quot;, &quot;Products listing, sorting and names&quot;](9)" classname="runners.TestRunner" time="7.366">
    <system-out><![CDATA[
Scenario: Products listing has multiple items                              # file:///D:/Wipro/Training/CapstoneProject/capstoneproject/src/test/resources/features/products.feature:3
  ✔ Given I open the saucedemo site                                        # stepdefinitions.Steps.i_open_the_saucedemo_site()
  ✔ When I login with username "standard_user" and password "secret_sauce" # stepdefinitions.Steps.i_login_with_username_and_password(java.lang.String,java.lang.String)
  ✔ Then I should see products page with at least 6 items                  # stepdefinitions.Steps.i_should_see_products_page_with_at_least_items(java.lang.Integer)
]]></system-out>
    <system-err><![CDATA[Sep 06, 2025 12:23:50 PM org.openqa.selenium.devtools.CdpVersionFinder findNearestMatch
WARNING: Unable to find CDP implementation matching 139
Sep 06, 2025 12:23:50 PM org.openqa.selenium.chromium.ChromiumDriver lambda$new$5
WARNING: Unable to find version of CDP to use for 139.0.7258.155. You may need to include a dependency on a specific version of the CDP using something similar to `org.seleniumhq.selenium:selenium-devtools-v86:4.14.0` where the version ("v86") matches the version of the chromium-based browser you're using and the version number of the artifact is the same as Selenium's.
]]></system-err>
  </testcase>
  <testcase name="runScenario[&quot;Sort products by Price (low to high)&quot;, &quot;Products listing, sorting and names&quot;](10)" classname="runners.TestRunner" time="8.748">
    <system-out><![CDATA[
Scenario: Sort products by Price (low to high)                             # file:///D:/Wipro/Training/CapstoneProject/capstoneproject/src/test/resources/features/products.feature:8
  ✔ Given I open the saucedemo site                                        # stepdefinitions.Steps.i_open_the_saucedemo_site()
  ✔ When I login with username "standard_user" and password "secret_sauce" # stepdefinitions.Steps.i_login_with_username_and_password(java.lang.String,java.lang.String)
  ✔ And I sort products by "Price (low to high)"                           # stepdefinitions.Steps.i_sort_products_by(java.lang.String)
  ✔ Then the product names list should be returned                         # stepdefinitions.Steps.the_product_names_list_should_be_returned()
]]></system-out>
    <system-err><![CDATA[Sep 06, 2025 12:23:58 PM org.openqa.selenium.devtools.CdpVersionFinder findNearestMatch
WARNING: Unable to find CDP implementation matching 139
Sep 06, 2025 12:23:58 PM org.openqa.selenium.chromium.ChromiumDriver lambda$new$5
WARNING: Unable to find version of CDP to use for 139.0.7258.155. You may need to include a dependency on a specific version of the CDP using something similar to `org.seleniumhq.selenium:selenium-devtools-v86:4.14.0` where the version ("v86") matches the version of the chromium-based browser you're using and the version number of the artifact is the same as Selenium's.
]]></system-err>
  </testcase>
  <testcase name="runScenario[&quot;Sort products by Name (A to Z)&quot;, &quot;Products listing, sorting and names&quot;](11)" classname="runners.TestRunner" time="6.781">
    <system-out><![CDATA[
Scenario: Sort products by Name (A to Z)                                   # file:///D:/Wipro/Training/CapstoneProject/capstoneproject/src/test/resources/features/products.feature:14
  ✔ Given I open the saucedemo site                                        # stepdefinitions.Steps.i_open_the_saucedemo_site()
  ✔ When I login with username "standard_user" and password "secret_sauce" # stepdefinitions.Steps.i_login_with_username_and_password(java.lang.String,java.lang.String)
  ✔ And I sort products by "Name (A to Z)"                                 # stepdefinitions.Steps.i_sort_products_by(java.lang.String)
  ✔ Then the product names list should be returned                         # stepdefinitions.Steps.the_product_names_list_should_be_returned()
]]></system-out>
    <system-err><![CDATA[Sep 06, 2025 12:24:05 PM org.openqa.selenium.devtools.CdpVersionFinder findNearestMatch
WARNING: Unable to find CDP implementation matching 139
Sep 06, 2025 12:24:05 PM org.openqa.selenium.chromium.ChromiumDriver lambda$new$5
WARNING: Unable to find version of CDP to use for 139.0.7258.155. You may need to include a dependency on a specific version of the CDP using something similar to `org.seleniumhq.selenium:selenium-devtools-v86:4.14.0` where the version ("v86") matches the version of the chromium-based browser you're using and the version number of the artifact is the same as Selenium's.
]]></system-err>
  </testcase>
</testsuite>