<?xml version="1.0" encoding="UTF-8"?>
<testng-results ignored="0" total="2" passed="2" failed="0" skipped="0">
  <reporter-output>
  </reporter-output>
  <suite started-at="2025-09-01T16:41:07 IST" name="Suite" finished-at="2025-09-01T16:41:16 IST" duration-ms="9403">
    <groups>
    </groups>
    <test started-at="2025-09-01T16:41:07 IST" name="Test" finished-at="2025-09-01T16:41:16 IST" duration-ms="9403">
      <class name="tests.LoginTest">
        <test-method signature="login()[pri:0, instance:tests.LoginTest@8519cb4]" started-at="2025-09-01T16:41:07 IST" name="login" finished-at="2025-09-01T16:41:10 IST" duration-ms="3783" status="PASS">
          <reporter-output>
          </reporter-output>
        </test-method> <!-- login -->
        <test-method signature="logout()[pri:0, instance:tests.LoginTest@8519cb4]" started-at="2025-09-01T16:41:10 IST" name="logout" finished-at="2025-09-01T16:41:16 IST" duration-ms="5566" status="PASS">
          <reporter-output>
          </reporter-output>
        </test-method> <!-- logout -->
      </class> <!-- tests.LoginTest -->
    </test> <!-- Test -->
  </suite> <!-- Suite -->
</testng-results>
